2026-05-25 10:34:21,853 [INFO] Google Antigravity SDK not installed. Running under local resilient runtime framework.
2026-05-25 10:34:21,854 [INFO] Loaded 10 sources from configuration.
2026-05-25 10:34:21,858 [INFO] Starting autonomous financial news collection pipeline...
2026-05-25 10:34:22,054 [INFO] Fetching Yahoo Finance (Attempt 1/3)...
2026-05-25 10:34:22,069 [INFO] Fetching MarketWatch (Attempt 1/3)...
2026-05-25 10:34:22,070 [INFO] Fetching CNBC (Attempt 1/3)...
2026-05-25 10:34:22,175 [INFO] HTTP Request: GET https://finance.yahoo.com/news/rssindex "HTTP/1.1 200 OK"
2026-05-25 10:34:22,192 [INFO] Successfully processed Yahoo Finance: 50 validated articles (0 malformed skipped).
2026-05-25 10:34:22,192 [INFO] Fetching Reuters (Attempt 1/3)...
2026-05-25 10:34:22,303 [INFO] HTTP Request: GET https://feeds.a.dj.com/rss/MW_Bulletins.xml "HTTP/1.1 403 Forbidden"
2026-05-25 10:34:22,304 [ERROR] HTTP 403 error on MarketWatch. Non-retryable.
2026-05-25 10:34:22,305 [INFO] Feed failed. Attempting fallback URL for MarketWatch: https://www.marketwatch.com/latest-news
2026-05-25 10:34:22,305 [INFO] Fetching Business Insider (Attempt 1/3)...
2026-05-25 10:34:22,375 [INFO] HTTP Request: GET https://www.reutersagency.com/feed/ "HTTP/1.1 301 Moved Permanently"
2026-05-25 10:34:22,376 [INFO] HTTP Request: GET https://www.cnbc.com/id/100003114/device/rss/rss.html "HTTP/1.1 200 OK"
2026-05-25 10:34:22,380 [INFO] Successfully processed CNBC: 30 validated articles (0 malformed skipped).
2026-05-25 10:34:22,381 [INFO] Fetching CNN Business (Attempt 1/3)...
2026-05-25 10:34:22,391 [INFO] HTTP Request: GET https://www.businessinsider.com/rss "HTTP/1.1 301 https://feeds.businessinsider.com/custom/all"
2026-05-25 10:34:22,511 [INFO] HTTP Request: GET https://feeds.businessinsider.com/custom/all "HTTP/1.1 200 OK"
2026-05-25 10:34:22,527 [INFO] Fetching BBC Business (Attempt 1/3)...
2026-05-25 10:34:22,577 [INFO] HTTP Request: GET http://rss.cnn.com/rss/money_latest.rss "HTTP/1.1 200 OK"
2026-05-25 10:34:22,579 [INFO] Successfully processed CNN Business: 1 validated articles (0 malformed skipped).
2026-05-25 10:34:22,579 [INFO] Fetching Bloomberg (Attempt 1/3)...
2026-05-25 10:34:22,616 [INFO] HTTP Request: GET http://feeds.bbci.co.uk/news/business/rss.xml "HTTP/1.1 302 Moved Temporarily"
2026-05-25 10:34:22,663 [INFO] HTTP Request: GET https://feeds.bbci.co.uk/news/business/rss.xml "HTTP/1.1 200 OK"
2026-05-25 10:34:22,665 [INFO] Successfully processed BBC Business: 37 validated articles (0 malformed skipped).
2026-05-25 10:34:22,665 [INFO] Fetching Investopedia (Attempt 1/3)...
2026-05-25 10:34:22,696 [INFO] HTTP Request: GET https://www.bloomberg.com/feed/bpol "HTTP/1.1 403 Forbidden"
2026-05-25 10:34:22,698 [ERROR] HTTP 403 error on Bloomberg. Non-retryable.
2026-05-25 10:34:22,698 [INFO] Feed failed. Attempting fallback URL for Bloomberg: https://www.bloomberg.com
2026-05-25 10:34:22,699 [INFO] Fetching Motley Fool (Attempt 1/3)...
2026-05-25 10:34:22,775 [INFO] HTTP Request: GET https://www.investopedia.com/feed "HTTP/1.1 403 Forbidden"
2026-05-25 10:34:22,804 [ERROR] HTTP 403 error on Investopedia. Non-retryable.
2026-05-25 10:34:22,804 [INFO] Feed failed. Attempting fallback URL for Investopedia: https://www.investopedia.com/financial-term-dictionary-4769738
2026-05-25 10:34:22,805 [INFO] Fetching MarketWatch (Attempt 1/3)...
2026-05-25 10:34:22,906 [INFO] HTTP Request: GET https://reutersagency.com/feed/ "HTTP/1.1 404 Not Found"
2026-05-25 10:34:22,908 [ERROR] HTTP 404 error on Reuters. Non-retryable.
2026-05-25 10:34:22,908 [INFO] Feed failed. Attempting fallback URL for Reuters: https://www.reuters.com/business
2026-05-25 10:34:22,909 [INFO] Fetching Bloomberg (Attempt 1/3)...
2026-05-25 10:34:22,922 [INFO] HTTP Request: GET https://www.fool.com/feed/index.aspx "HTTP/1.1 404 Not Found"
2026-05-25 10:34:22,924 [ERROR] HTTP 404 error on Motley Fool. Non-retryable.
2026-05-25 10:34:22,925 [INFO] Feed failed. Attempting fallback URL for Motley Fool: https://www.fool.com/investing-news/
2026-05-25 10:34:22,925 [INFO] Fetching Investopedia (Attempt 1/3)...
2026-05-25 10:34:22,932 [INFO] HTTP Request: GET https://www.marketwatch.com/latest-news "HTTP/1.1 200 OK"
2026-05-25 10:34:22,961 [ERROR] XML Parsing failed for MarketWatch: not well-formed (invalid token): line 37, column 175
2026-05-25 10:34:22,961 [INFO] Attempting Regex Parsing fallback for MarketWatch...
2026-05-25 10:34:22,962 [INFO] Fetching Reuters (Attempt 1/3)...
2026-05-25 10:34:22,989 [INFO] HTTP Request: GET https://www.bloomberg.com "HTTP/1.1 403 Forbidden"
2026-05-25 10:34:22,990 [ERROR] HTTP 403 error on Bloomberg. Non-retryable.
2026-05-25 10:34:22,991 [INFO] Fetching Motley Fool (Attempt 1/3)...
2026-05-25 10:34:23,022 [WARNING] Request error on Reuters: . Retrying in 2.49s...
2026-05-25 10:34:23,023 [INFO] HTTP Request: GET https://www.fool.com/investing-news/ "HTTP/1.1 200 OK"
2026-05-25 10:34:23,031 [ERROR] XML Parsing failed for Motley Fool: not well-formed (invalid token): line 14, column 86068
2026-05-25 10:34:23,031 [INFO] Attempting Regex Parsing fallback for Motley Fool...
2026-05-25 10:34:23,032 [INFO] HTTP Request: GET https://www.investopedia.com/financial-term-dictionary-4769738 "HTTP/1.1 403 Forbidden"
2026-05-25 10:34:23,071 [ERROR] HTTP 403 error on Investopedia. Non-retryable.
2026-05-25 10:34:25,517 [INFO] Fetching Reuters (Attempt 2/3)...
2026-05-25 10:34:25,597 [INFO] HTTP Request: GET https://www.reuters.com/business "HTTP/1.1 401 HTTP Forbidden"
2026-05-25 10:34:25,598 [ERROR] HTTP 401 error on Reuters. Non-retryable.
2026-05-25 10:34:25,599 [ERROR] Source 'MarketWatch' returned no articles or XML parsing was empty
2026-05-25 10:34:25,599 [ERROR] Source 'Reuters' fetch failed completely (all retries exhausted)
2026-05-25 10:34:25,599 [ERROR] Source 'Business Insider' returned no articles or XML parsing was empty
2026-05-25 10:34:25,599 [ERROR] Source 'Bloomberg' fetch failed completely (all retries exhausted)
2026-05-25 10:34:25,599 [ERROR] Source 'Investopedia' fetch failed completely (all retries exhausted)
2026-05-25 10:34:25,599 [ERROR] Source 'Motley Fool' returned no articles or XML parsing was empty
2026-05-25 10:34:25,601 [INFO] Successfully compiled all facts. Results saved to financial_report.json.
2026-05-25 10:36:06,681 [INFO] Google Antigravity SDK not installed. Running under local resilient runtime framework.
2026-05-25 10:36:06,682 [INFO] Loaded 10 sources from configuration.
2026-05-25 10:36:06,688 [INFO] Starting autonomous financial news collection pipeline...
2026-05-25 10:36:06,834 [INFO] Fetching Yahoo Finance (Attempt 1/3)...
2026-05-25 10:36:06,845 [INFO] Fetching MarketWatch (Attempt 1/3)...
2026-05-25 10:36:06,845 [INFO] Fetching CNBC (Attempt 1/3)...
2026-05-25 10:36:06,971 [INFO] HTTP Request: GET https://finance.yahoo.com/news/rssindex "HTTP/1.1 200 OK"
2026-05-25 10:36:06,988 [INFO] Successfully processed Yahoo Finance: 50 validated articles (0 malformed skipped).
2026-05-25 10:36:06,989 [INFO] Fetching Reuters (Attempt 1/3)...
2026-05-25 10:36:06,995 [INFO] HTTP Request: GET https://www.cnbc.com/id/100003114/device/rss/rss.html "HTTP/1.1 200 OK"
2026-05-25 10:36:06,998 [INFO] Successfully processed CNBC: 30 validated articles (0 malformed skipped).
2026-05-25 10:36:06,998 [INFO] Fetching Business Insider (Attempt 1/3)...
2026-05-25 10:36:07,026 [INFO] HTTP Request: GET https://feeds.a.dj.com/rss/MW_Bulletins.xml "HTTP/1.1 403 Forbidden"
2026-05-25 10:36:07,027 [ERROR] HTTP 403 error on MarketWatch. Non-retryable.
2026-05-25 10:36:07,027 [INFO] Feed failed. Attempting fallback URL for MarketWatch: https://www.marketwatch.com/latest-news
2026-05-25 10:36:07,027 [INFO] Fetching CNN Business (Attempt 1/3)...
2026-05-25 10:36:07,086 [INFO] HTTP Request: GET https://www.reutersagency.com/feed/ "HTTP/1.1 301 Moved Permanently"
2026-05-25 10:36:07,100 [INFO] HTTP Request: GET https://www.businessinsider.com/rss "HTTP/1.1 301 https://feeds.businessinsider.com/custom/all"
2026-05-25 10:36:07,183 [INFO] HTTP Request: GET https://feeds.businessinsider.com/custom/all "HTTP/1.1 200 OK"
2026-05-25 10:36:07,190 [INFO] HTTP Request: GET http://rss.cnn.com/rss/money_latest.rss "HTTP/1.1 200 OK"
2026-05-25 10:36:07,192 [INFO] Successfully processed CNN Business: 1 validated articles (0 malformed skipped).
2026-05-25 10:36:07,192 [INFO] Fetching BBC Business (Attempt 1/3)...
2026-05-25 10:36:07,201 [INFO] Fetching Bloomberg (Attempt 1/3)...
2026-05-25 10:36:07,260 [INFO] HTTP Request: GET http://feeds.bbci.co.uk/news/business/rss.xml "HTTP/1.1 302 Moved Temporarily"
2026-05-25 10:36:07,310 [INFO] HTTP Request: GET https://feeds.bbci.co.uk/news/business/rss.xml "HTTP/1.1 200 OK"
2026-05-25 10:36:07,311 [INFO] Successfully processed BBC Business: 37 validated articles (0 malformed skipped).
2026-05-25 10:36:07,311 [INFO] Fetching Investopedia (Attempt 1/3)...
2026-05-25 10:36:07,323 [INFO] HTTP Request: GET https://www.bloomberg.com/feed/bpol "HTTP/1.1 403 Forbidden"
2026-05-25 10:36:07,327 [ERROR] HTTP 403 error on Bloomberg. Non-retryable.
2026-05-25 10:36:07,327 [INFO] Feed failed. Attempting fallback URL for Bloomberg: https://www.bloomberg.com
2026-05-25 10:36:07,327 [INFO] Fetching Motley Fool (Attempt 1/3)...
2026-05-25 10:36:07,410 [INFO] HTTP Request: GET https://www.investopedia.com/feed "HTTP/1.1 403 Forbidden"
2026-05-25 10:36:07,487 [ERROR] HTTP 403 error on Investopedia. Non-retryable.
2026-05-25 10:36:07,487 [INFO] Feed failed. Attempting fallback URL for Investopedia: https://www.investopedia.com/financial-term-dictionary-4769738
2026-05-25 10:36:07,487 [INFO] Fetching MarketWatch (Attempt 1/3)...
2026-05-25 10:36:07,593 [INFO] HTTP Request: GET https://www.marketwatch.com/latest-news "HTTP/1.1 200 OK"
2026-05-25 10:36:07,615 [ERROR] XML Parsing failed for MarketWatch: not well-formed (invalid token): line 37, column 175
2026-05-25 10:36:07,615 [INFO] Attempting Regex Parsing fallback for MarketWatch...
2026-05-25 10:36:07,616 [INFO] Fetching Bloomberg (Attempt 1/3)...
2026-05-25 10:36:07,653 [INFO] HTTP Request: GET https://reutersagency.com/feed/ "HTTP/1.1 404 Not Found"
2026-05-25 10:36:07,657 [ERROR] HTTP 404 error on Reuters. Non-retryable.
2026-05-25 10:36:07,657 [INFO] Feed failed. Attempting fallback URL for Reuters: https://www.reuters.com/business
2026-05-25 10:36:07,657 [INFO] Fetching Investopedia (Attempt 1/3)...
2026-05-25 10:36:07,710 [INFO] HTTP Request: GET https://www.bloomberg.com "HTTP/1.1 403 Forbidden"
2026-05-25 10:36:07,711 [ERROR] HTTP 403 error on Bloomberg. Non-retryable.
2026-05-25 10:36:07,711 [INFO] Fetching Reuters (Attempt 1/3)...
2026-05-25 10:36:07,777 [INFO] HTTP Request: GET https://www.investopedia.com/financial-term-dictionary-4769738 "HTTP/1.1 403 Forbidden"
2026-05-25 10:36:07,821 [ERROR] HTTP 403 error on Investopedia. Non-retryable.
2026-05-25 10:36:07,840 [INFO] HTTP Request: GET https://www.reuters.com/business "HTTP/1.1 401 HTTP Forbidden"
2026-05-25 10:36:07,841 [ERROR] HTTP 401 error on Reuters. Non-retryable.
2026-05-25 10:36:07,944 [INFO] HTTP Request: GET https://www.fool.com/feed/index.aspx "HTTP/1.1 404 Not Found"
2026-05-25 10:36:08,147 [ERROR] HTTP 404 error on Motley Fool. Non-retryable.
2026-05-25 10:36:08,147 [INFO] Feed failed. Attempting fallback URL for Motley Fool: https://www.fool.com/investing-news/
2026-05-25 10:36:08,148 [INFO] Fetching Motley Fool (Attempt 1/3)...
2026-05-25 10:36:08,202 [INFO] HTTP Request: GET https://www.fool.com/investing-news/ "HTTP/1.1 200 OK"
2026-05-25 10:36:08,209 [ERROR] XML Parsing failed for Motley Fool: not well-formed (invalid token): line 14, column 86068
2026-05-25 10:36:08,210 [INFO] Attempting Regex Parsing fallback for Motley Fool...
2026-05-25 10:36:08,211 [ERROR] Source 'MarketWatch' returned no articles or XML parsing was empty
2026-05-25 10:36:08,211 [ERROR] Source 'Reuters' fetch failed completely (all retries exhausted)
2026-05-25 10:36:08,211 [ERROR] Source 'Business Insider' returned no articles or XML parsing was empty
2026-05-25 10:36:08,211 [ERROR] Source 'Bloomberg' fetch failed completely (all retries exhausted)
2026-05-25 10:36:08,211 [ERROR] Source 'Investopedia' fetch failed completely (all retries exhausted)
2026-05-25 10:36:08,211 [ERROR] Source 'Motley Fool' returned no articles or XML parsing was empty
2026-05-25 10:36:08,217 [INFO] Successfully compiled all facts. Results saved to c:\Users\16p30\.antigravity\financial_report.json.
2026-05-25 10:36:41,592 [INFO] Google Antigravity SDK not installed. Running under local resilient runtime framework.
2026-05-25 10:36:41,593 [INFO] Loaded 10 sources from configuration.
2026-05-25 10:36:41,594 [INFO] Starting autonomous financial news collection pipeline...
2026-05-25 10:36:41,673 [INFO] Fetching Yahoo Finance (Attempt 1/3)...
2026-05-25 10:36:41,681 [INFO] Fetching MarketWatch (Attempt 1/3)...
2026-05-25 10:36:41,682 [INFO] Fetching CNBC (Attempt 1/3)...
2026-05-25 10:36:41,727 [INFO] HTTP Request: GET https://finance.yahoo.com/news/rssindex "HTTP/1.1 200 OK"
2026-05-25 10:36:41,749 [INFO] Successfully processed Yahoo Finance: 50 validated articles (0 malformed skipped).
2026-05-25 10:36:41,749 [INFO] Fetching Reuters (Attempt 1/3)...
2026-05-25 10:36:41,786 [INFO] HTTP Request: GET https://www.cnbc.com/id/100003114/device/rss/rss.html "HTTP/1.1 200 OK"
2026-05-25 10:36:41,788 [INFO] Successfully processed CNBC: 30 validated articles (0 malformed skipped).
2026-05-25 10:36:41,788 [INFO] Fetching Business Insider (Attempt 1/3)...
2026-05-25 10:36:41,790 [INFO] HTTP Request: GET https://feeds.a.dj.com/rss/MW_Bulletins.xml "HTTP/1.1 403 Forbidden"
2026-05-25 10:36:41,791 [ERROR] HTTP 403 error on MarketWatch. Non-retryable.
2026-05-25 10:36:41,791 [INFO] Feed failed. Attempting fallback URL for MarketWatch: https://www.marketwatch.com/latest-news
2026-05-25 10:36:41,791 [INFO] Fetching CNN Business (Attempt 1/3)...
2026-05-25 10:36:41,839 [INFO] HTTP Request: GET https://www.businessinsider.com/rss "HTTP/1.1 301 https://feeds.businessinsider.com/custom/all"
2026-05-25 10:36:41,869 [INFO] HTTP Request: GET https://www.reutersagency.com/feed/ "HTTP/1.1 301 Moved Permanently"
2026-05-25 10:36:41,895 [INFO] HTTP Request: GET https://feeds.businessinsider.com/custom/all "HTTP/1.1 200 OK"
2026-05-25 10:36:41,910 [INFO] Fetching BBC Business (Attempt 1/3)...
2026-05-25 10:36:41,935 [INFO] HTTP Request: GET http://rss.cnn.com/rss/money_latest.rss "HTTP/1.1 200 OK"
2026-05-25 10:36:41,938 [INFO] Successfully processed CNN Business: 1 validated articles (0 malformed skipped).
2026-05-25 10:36:41,938 [INFO] Fetching Bloomberg (Attempt 1/3)...
2026-05-25 10:36:41,955 [INFO] HTTP Request: GET http://feeds.bbci.co.uk/news/business/rss.xml "HTTP/1.1 302 Moved Temporarily"
2026-05-25 10:36:42,015 [INFO] HTTP Request: GET https://feeds.bbci.co.uk/news/business/rss.xml "HTTP/1.1 200 OK"
2026-05-25 10:36:42,017 [INFO] Successfully processed BBC Business: 37 validated articles (0 malformed skipped).
2026-05-25 10:36:42,018 [INFO] Fetching Investopedia (Attempt 1/3)...
2026-05-25 10:36:42,026 [INFO] HTTP Request: GET https://www.bloomberg.com/feed/bpol "HTTP/1.1 403 Forbidden"
2026-05-25 10:36:42,027 [ERROR] HTTP 403 error on Bloomberg. Non-retryable.
2026-05-25 10:36:42,027 [INFO] Feed failed. Attempting fallback URL for Bloomberg: https://www.bloomberg.com
2026-05-25 10:36:42,028 [INFO] Fetching Motley Fool (Attempt 1/3)...
2026-05-25 10:36:42,144 [INFO] HTTP Request: GET https://www.investopedia.com/feed "HTTP/1.1 403 Forbidden"
2026-05-25 10:36:42,181 [ERROR] HTTP 403 error on Investopedia. Non-retryable.
2026-05-25 10:36:42,182 [INFO] Feed failed. Attempting fallback URL for Investopedia: https://www.investopedia.com/financial-term-dictionary-4769738
2026-05-25 10:36:42,182 [INFO] Fetching MarketWatch (Attempt 1/3)...
2026-05-25 10:36:42,266 [INFO] HTTP Request: GET https://www.marketwatch.com/latest-news "HTTP/1.1 200 OK"
2026-05-25 10:36:42,285 [ERROR] XML Parsing failed for MarketWatch: not well-formed (invalid token): line 37, column 175
2026-05-25 10:36:42,285 [INFO] Attempting Regex Parsing fallback for MarketWatch...
2026-05-25 10:36:42,286 [INFO] Fetching Bloomberg (Attempt 1/3)...
2026-05-25 10:36:42,320 [INFO] HTTP Request: GET https://www.fool.com/feed/index.aspx "HTTP/1.1 404 Not Found"
2026-05-25 10:36:42,371 [INFO] HTTP Request: GET https://www.bloomberg.com "HTTP/1.1 403 Forbidden"
2026-05-25 10:36:42,373 [ERROR] HTTP 403 error on Bloomberg. Non-retryable.
2026-05-25 10:36:42,373 [INFO] Fetching Investopedia (Attempt 1/3)...
2026-05-25 10:36:42,397 [INFO] HTTP Request: GET https://reutersagency.com/feed/ "HTTP/1.1 404 Not Found"
2026-05-25 10:36:42,401 [ERROR] HTTP 404 error on Reuters. Non-retryable.
2026-05-25 10:36:42,401 [INFO] Feed failed. Attempting fallback URL for Reuters: https://www.reuters.com/business
2026-05-25 10:36:42,402 [INFO] Fetching Reuters (Attempt 1/3)...
2026-05-25 10:36:42,436 [INFO] HTTP Request: GET https://www.investopedia.com/financial-term-dictionary-4769738 "HTTP/1.1 403 Forbidden"
2026-05-25 10:36:42,448 [WARNING] Request error on Reuters: . Retrying in 1.52s...
2026-05-25 10:36:42,466 [ERROR] HTTP 403 error on Investopedia. Non-retryable.
2026-05-25 10:36:42,733 [ERROR] HTTP 404 error on Motley Fool. Non-retryable.
2026-05-25 10:36:42,733 [INFO] Feed failed. Attempting fallback URL for Motley Fool: https://www.fool.com/investing-news/
2026-05-25 10:36:42,734 [INFO] Fetching Motley Fool (Attempt 1/3)...
2026-05-25 10:36:42,773 [INFO] HTTP Request: GET https://www.fool.com/investing-news/ "HTTP/1.1 200 OK"
2026-05-25 10:36:42,778 [ERROR] XML Parsing failed for Motley Fool: not well-formed (invalid token): line 14, column 86068
2026-05-25 10:36:42,778 [INFO] Attempting Regex Parsing fallback for Motley Fool...
2026-05-25 10:36:43,979 [INFO] Fetching Reuters (Attempt 2/3)...
2026-05-25 10:36:44,003 [WARNING] Request error on Reuters: . Retrying in 3.21s...
2026-05-25 10:36:47,228 [INFO] Fetching Reuters (Attempt 3/3)...
2026-05-25 10:36:47,322 [INFO] HTTP Request: GET https://www.reuters.com/business "HTTP/1.1 401 HTTP Forbidden"
2026-05-25 10:36:47,323 [ERROR] HTTP 401 error on Reuters. Non-retryable.
2026-05-25 10:36:47,324 [ERROR] Source 'MarketWatch' returned no articles or XML parsing was empty
2026-05-25 10:36:47,324 [ERROR] Source 'Reuters' fetch failed completely (all retries exhausted)
2026-05-25 10:36:47,324 [ERROR] Source 'Business Insider' returned no articles or XML parsing was empty
2026-05-25 10:36:47,324 [ERROR] Source 'Bloomberg' fetch failed completely (all retries exhausted)
2026-05-25 10:36:47,325 [ERROR] Source 'Investopedia' fetch failed completely (all retries exhausted)
2026-05-25 10:36:47,325 [ERROR] Source 'Motley Fool' returned no articles or XML parsing was empty
2026-05-25 10:36:47,326 [INFO] Successfully compiled all facts. Results saved to c:\Users\16p30\.antigravity\financial_report.json.
2026-05-25 10:46:19,684 [INFO] Google Antigravity SDK not installed. Running under local resilient runtime framework.
2026-05-25 10:46:19,685 [INFO] Loaded 10 sources from configuration.
2026-05-25 10:46:19,690 [INFO] Starting autonomous financial news collection pipeline...
2026-05-25 10:46:19,835 [INFO] Fetching Yahoo Finance (Attempt 1/3)...
2026-05-25 10:46:19,845 [INFO] Fetching MarketWatch (Attempt 1/3)...
2026-05-25 10:46:19,846 [INFO] Fetching CNBC (Attempt 1/3)...
2026-05-25 10:46:19,969 [INFO] HTTP Request: GET https://finance.yahoo.com/news/rssindex "HTTP/1.1 200 OK"
2026-05-25 10:46:19,978 [INFO] Successfully processed Yahoo Finance: 50 validated articles (0 malformed skipped).
2026-05-25 10:46:19,978 [INFO] Fetching Reuters (Attempt 1/3)...
2026-05-25 10:46:19,996 [INFO] HTTP Request: GET https://www.cnbc.com/id/100003114/device/rss/rss.html "HTTP/1.1 200 OK"
2026-05-25 10:46:19,999 [INFO] Successfully processed CNBC: 30 validated articles (0 malformed skipped).
2026-05-25 10:46:19,999 [INFO] Fetching Business Insider (Attempt 1/3)...
2026-05-25 10:46:20,019 [INFO] HTTP Request: GET https://feeds.a.dj.com/rss/MW_Bulletins.xml "HTTP/1.1 403 Forbidden"
2026-05-25 10:46:20,021 [ERROR] HTTP 403 error on MarketWatch. Non-retryable.
2026-05-25 10:46:20,021 [INFO] Feed failed. Attempting fallback URL for MarketWatch: https://www.marketwatch.com/latest-news
2026-05-25 10:46:20,022 [INFO] Fetching CNN Business (Attempt 1/3)...
2026-05-25 10:46:20,099 [INFO] HTTP Request: GET https://www.businessinsider.com/rss "HTTP/1.1 301 https://feeds.businessinsider.com/custom/all"
2026-05-25 10:46:20,124 [INFO] HTTP Request: GET https://www.reutersagency.com/feed/ "HTTP/1.1 301 Moved Permanently"
2026-05-25 10:46:20,183 [INFO] HTTP Request: GET https://feeds.businessinsider.com/custom/all "HTTP/1.1 200 OK"
2026-05-25 10:46:20,209 [INFO] Fetching BBC Business (Attempt 1/3)...
2026-05-25 10:46:20,211 [INFO] HTTP Request: GET http://rss.cnn.com/rss/money_latest.rss "HTTP/1.1 200 OK"
2026-05-25 10:46:20,216 [INFO] Successfully processed CNN Business: 1 validated articles (0 malformed skipped).
2026-05-25 10:46:20,216 [INFO] Fetching Bloomberg (Attempt 1/3)...
2026-05-25 10:46:20,272 [INFO] HTTP Request: GET http://feeds.bbci.co.uk/news/business/rss.xml "HTTP/1.1 302 Moved Temporarily"
2026-05-25 10:46:20,317 [INFO] HTTP Request: GET https://feeds.bbci.co.uk/news/business/rss.xml "HTTP/1.1 200 OK"
2026-05-25 10:46:20,319 [INFO] Successfully processed BBC Business: 37 validated articles (0 malformed skipped).
2026-05-25 10:46:20,320 [INFO] Fetching Investopedia (Attempt 1/3)...
2026-05-25 10:46:20,331 [INFO] HTTP Request: GET https://www.bloomberg.com/feed/bpol "HTTP/1.1 403 Forbidden"
2026-05-25 10:46:20,334 [ERROR] HTTP 403 error on Bloomberg. Non-retryable.
2026-05-25 10:46:20,334 [INFO] Feed failed. Attempting fallback URL for Bloomberg: https://www.bloomberg.com
2026-05-25 10:46:20,334 [INFO] Fetching Motley Fool (Attempt 1/3)...
2026-05-25 10:46:20,496 [INFO] HTTP Request: GET https://www.investopedia.com/feed "HTTP/1.1 403 Forbidden"
2026-05-25 10:46:20,527 [ERROR] HTTP 403 error on Investopedia. Non-retryable.
2026-05-25 10:46:20,527 [INFO] Feed failed. Attempting fallback URL for Investopedia: https://www.investopedia.com/financial-term-dictionary-4769738
2026-05-25 10:46:20,527 [INFO] Fetching MarketWatch (Attempt 1/3)...
2026-05-25 10:46:20,622 [INFO] HTTP Request: GET https://reutersagency.com/feed/ "HTTP/1.1 404 Not Found"
2026-05-25 10:46:20,624 [ERROR] HTTP 404 error on Reuters. Non-retryable.
2026-05-25 10:46:20,624 [INFO] Feed failed. Attempting fallback URL for Reuters: https://www.reuters.com/business
2026-05-25 10:46:20,624 [INFO] Fetching Bloomberg (Attempt 1/3)...
2026-05-25 10:46:20,642 [INFO] HTTP Request: GET https://www.marketwatch.com/latest-news "HTTP/1.1 200 OK"
2026-05-25 10:46:20,664 [ERROR] XML Parsing failed for MarketWatch: not well-formed (invalid token): line 37, column 175
2026-05-25 10:46:20,664 [INFO] Attempting Regex Parsing fallback for MarketWatch...
2026-05-25 10:46:20,665 [INFO] Fetching Investopedia (Attempt 1/3)...
2026-05-25 10:46:20,684 [INFO] HTTP Request: GET https://www.fool.com/feed/index.aspx "HTTP/1.1 404 Not Found"
2026-05-25 10:46:20,730 [INFO] HTTP Request: GET https://www.bloomberg.com "HTTP/1.1 403 Forbidden"
2026-05-25 10:46:20,731 [ERROR] HTTP 403 error on Bloomberg. Non-retryable.
2026-05-25 10:46:20,731 [INFO] Fetching Reuters (Attempt 1/3)...
2026-05-25 10:46:20,773 [INFO] HTTP Request: GET https://www.investopedia.com/financial-term-dictionary-4769738 "HTTP/1.1 403 Forbidden"
2026-05-25 10:46:20,808 [ERROR] HTTP 403 error on Investopedia. Non-retryable.
2026-05-25 10:46:20,846 [INFO] HTTP Request: GET https://www.reuters.com/business "HTTP/1.1 401 HTTP Forbidden"
2026-05-25 10:46:20,846 [ERROR] HTTP 401 error on Reuters. Non-retryable.
2026-05-25 10:46:21,183 [ERROR] HTTP 404 error on Motley Fool. Non-retryable.
2026-05-25 10:46:21,184 [INFO] Feed failed. Attempting fallback URL for Motley Fool: https://www.fool.com/investing-news/
2026-05-25 10:46:21,184 [INFO] Fetching Motley Fool (Attempt 1/3)...
2026-05-25 10:46:21,238 [INFO] HTTP Request: GET https://www.fool.com/investing-news/ "HTTP/1.1 200 OK"
2026-05-25 10:46:21,242 [ERROR] XML Parsing failed for Motley Fool: not well-formed (invalid token): line 14, column 86556
2026-05-25 10:46:21,243 [INFO] Attempting Regex Parsing fallback for Motley Fool...
2026-05-25 10:46:21,244 [ERROR] Source 'MarketWatch' returned no articles or XML parsing was empty
2026-05-25 10:46:21,244 [ERROR] Source 'Reuters' fetch failed completely (all retries exhausted)
2026-05-25 10:46:21,244 [ERROR] Source 'Business Insider' returned no articles or XML parsing was empty
2026-05-25 10:46:21,244 [ERROR] Source 'Bloomberg' fetch failed completely (all retries exhausted)
2026-05-25 10:46:21,244 [ERROR] Source 'Investopedia' fetch failed completely (all retries exhausted)
2026-05-25 10:46:21,244 [ERROR] Source 'Motley Fool' returned no articles or XML parsing was empty
2026-05-25 10:46:21,250 [INFO] Successfully compiled all facts. Results saved to C:\Users\16p30\.antigravity\financial_report.json.
